<?xml version="1.0" encoding="UTF-8"?>
<!-- Generated by org.testng.reporters.JUnitReportReporter -->
<testsuite hostname="Amarnaths-MacBook-Pro.local" failures="0" tests="1" name="studentApitest.DelApiTest" time="0.648" errors="0" timestamp="2020-07-31T15:39:17 PDT" skipped="0">
  <testcase classname="studentApitest.DelApiTest" name="DelTest" time="0.648"/>
</testsuite> <!-- studentApitest.DelApiTest -->
