<?xml version="1.0" encoding="UTF-8"?>
<!-- Generated by org.testng.reporters.JUnitReportReporter -->
<testsuite hostname="Amarnaths-MacBook-Pro.local" failures="0" tests="1" name="studentApitest.GetApiTests" time="0.443" errors="0" timestamp="2020-07-29T11:27:27 PDT" skipped="0">
  <testcase classname="studentApitest.GetApiTests" name="getAPITest" time="0.443"/>
</testsuite> <!-- studentApitest.GetApiTests -->
