<?xml version="1.0" encoding="UTF-8"?>
<!-- Generated by org.testng.reporters.JUnitReportReporter -->
<testsuite hostname="Amarnaths-MacBook-Pro.local" failures="0" tests="1" name="studentApitest.SerTest" time="0.568" errors="0" timestamp="2020-07-30T21:51:58 PDT" skipped="0">
  <testcase classname="studentApitest.SerTest" name="Sertest1" time="0.568"/>
</testsuite> <!-- studentApitest.SerTest -->
