<?xml version="1.0" encoding="UTF-8"?>
<!-- Generated by org.testng.reporters.JUnitReportReporter -->
<testsuite hostname="Amarnaths-MacBook-Pro.local" failures="0" tests="1" name="DeserializingTest.DeTest" time="1.262" errors="0" timestamp="2020-07-28T16:06:34 PDT" skipped="0">
  <testcase classname="DeserializingTest.DeTest" name="DeTest1" time="1.262"/>
</testsuite> <!-- DeserializingTest.DeTest -->
