<?xml version="1.0" encoding="UTF-8"?>
<!-- Generated by org.testng.reporters.JUnitReportReporter -->
<testsuite hostname="Amarnaths-MacBook-Pro.local" failures="0" tests="1" name="studentApitest.PostApiTest" time="0.554" errors="0" timestamp="2020-07-30T21:49:33 PDT" skipped="0">
  <testcase classname="studentApitest.PostApiTest" name="validPostApiTest" time="0.554"/>
</testsuite> <!-- studentApitest.PostApiTest -->
